<?xml version="1.0" encoding="UTF-8"?>
<!-- Generated by org.testng.reporters.JUnitReportReporter -->
<testsuite skipped="0" hostname="LAPTOP-KOAKE35K" name="com.crm.vtigermaven.SDET36test.Name_test" tests="1" failures="0" timestamp="2022-07-14T17:24:47 IST" time="0.006" errors="0">
  <testcase name="name2" time="0.006" classname="com.crm.vtigermaven.SDET36test.Name_test"/>
  <system-out/>
</testsuite> <!-- com.crm.vtigermaven.SDET36test.Name_test -->
